[debug] [2018-10-06T14:34:45.545Z] ----------------------------------------------------------------------
[debug] [2018-10-06T14:34:45.571Z] Command:       C:\Program Files\nodejs\node.exe C:\Users\Admin\AppData\Roaming\npm\node_modules\firebase-tools\bin\firebase init
[debug] [2018-10-06T14:34:45.572Z] CLI Version:   4.0.3
[debug] [2018-10-06T14:34:45.572Z] Platform:      win32
[debug] [2018-10-06T14:34:45.572Z] Node Version:  v8.11.4
[debug] [2018-10-06T14:34:45.586Z] Time:          Sat Oct 06 2018 19:34:45 GMT+0500 (Pakistan Standard Time)
[debug] [2018-10-06T14:34:45.586Z] ----------------------------------------------------------------------
[debug] 
[debug] [2018-10-06T14:34:45.668Z] > command requires scopes: ["email","openid","https://www.googleapis.com/auth/cloudplatformprojects.readonly","https://www.googleapis.com/auth/firebase"]
[debug] [2018-10-06T14:34:45.669Z] > authorizing via signed-in user
[info] 
     ######## #### ########  ######## ########     ###     ######  ########
     ##        ##  ##     ## ##       ##     ##  ##   ##  ##       ##
     ######    ##  ########  ######   ########  #########  ######  ######
     ##        ##  ##    ##  ##       ##     ## ##     ##       ## ##
     ##       #### ##     ## ######## ########  ##     ##  ######  ########

You're about to initialize a Firebase project in this directory:

  C:\Users\Admin\Contacts\Desktop\react assignment\facebook_reaction

Before we get started, keep in mind:

  * You are initializing in an existing Firebase project directory

